# JRE version: Java(TM) SE Runtime Environment (8.0_191-b12) (build 1.8.0_191-b12)
# Java VM: Java HotSpot(TM) 64-Bit Server VM (25.191-b12 mixed mode linux-amd64 compressed oops)
Heap:
 def new generation   total 19008K, used 2671K [0x00000000c2400000, 0x00000000c38a0000, 0x00000000d6d50000)
  eden space 16896K,   3% used [0x00000000c2400000, 0x00000000c248bde0, 0x00000000c3480000)
  from space 2112K, 100% used [0x00000000c3480000, 0x00000000c3690000, 0x00000000c3690000)
  to   space 2112K,   0% used [0x00000000c3690000, 0x00000000c3690000, 0x00000000c38a0000)
 tenured generation   total 42368K, used 5229K [0x00000000d6d50000, 0x00000000d96b0000, 0x0000000100000000)
   the space 42368K,  12% used [0x00000000d6d50000, 0x00000000d726b408, 0x00000000d726b600, 0x00000000d96b0000)
 Metaspace       used 16777K, capacity 17064K, committed 17280K, reserved 1064960K
  class space    used 2207K, capacity 2334K, committed 2432K, reserved 1048576K
GC Heap History (8 events):
Event: 7.154 GC heap before
{Heap before GC invocations=0 (full 0):
 def new generation   total 19008K, used 16896K [0x00000000c2400000, 0x00000000c38a0000, 0x00000000d6d50000)
  eden space 16896K, 100% used [0x00000000c2400000, 0x00000000c3480000, 0x00000000c3480000)
  from space 2112K,   0% used [0x00000000c3480000, 0x00000000c3480000, 0x00000000c3690000)
  to   space 2112K,   0% used [0x00000000c3690000, 0x00000000c3690000, 0x00000000c38a0000)
 tenured generation   total 42368K, used 0K [0x00000000d6d50000, 0x00000000d96b0000, 0x0000000100000000)
   the space 42368K,   0% used [0x00000000d6d50000, 0x00000000d6d50000, 0x00000000d6d50200, 0x00000000d96b0000)
 Metaspace       used 8406K, capacity 8480K, committed 8704K, reserved 1056768K
  class space    used 965K, capacity 978K, committed 1024K, reserved 1048576K
Event: 7.263 GC heap after
Heap after GC invocations=1 (full 0):
 def new generation   total 19008K, used 2112K [0x00000000c2400000, 0x00000000c38a0000, 0x00000000d6d50000)
  eden space 16896K,   0% used [0x00000000c2400000, 0x00000000c2400000, 0x00000000c3480000)
  from space 2112K, 100% used [0x00000000c3690000, 0x00000000c38a0000, 0x00000000c38a0000)
  to   space 2112K,   0% used [0x00000000c3480000, 0x00000000c3480000, 0x00000000c3690000)
 tenured generation   total 42368K, used 1211K [0x00000000d6d50000, 0x00000000d96b0000, 0x0000000100000000)
   the space 42368K,   2% used [0x00000000d6d50000, 0x00000000d6e7ef68, 0x00000000d6e7f000, 0x00000000d96b0000)
 Metaspace       used 8406K, capacity 8480K, committed 8704K, reserved 1056768K
  class space    used 965K, capacity 978K, committed 1024K, reserved 1048576K
}
Event: 11.183 GC heap before
{Heap before GC invocations=1 (full 0):
 def new generation   total 19008K, used 19008K [0x00000000c2400000, 0x00000000c38a0000, 0x00000000d6d50000)
  eden space 16896K, 100% used [0x00000000c2400000, 0x00000000c3480000, 0x00000000c3480000)
  from space 2112K, 100% used [0x00000000c3690000, 0x00000000c38a0000, 0x00000000c38a0000)
  to   space 2112K,   0% used [0x00000000c3480000, 0x00000000c3480000, 0x00000000c3690000)
 tenured generation   total 42368K, used 1211K [0x00000000d6d50000, 0x00000000d96b0000, 0x0000000100000000)
   the space 42368K,   2% used [0x00000000d6d50000, 0x00000000d6e7ef68, 0x00000000d6e7f000, 0x00000000d96b0000)
 Metaspace       used 9696K, capacity 9798K, committed 10112K, reserved 1058816K
  class space    used 1302K, capacity 1331K, committed 1408K, reserved 1048576K
Event: 11.273 GC heap after
Heap after GC invocations=2 (full 0):
 def new generation   total 19008K, used 1565K [0x00000000c2400000, 0x00000000c38a0000, 0x00000000d6d50000)
  eden space 16896K,   0% used [0x00000000c2400000, 0x00000000c2400000, 0x00000000c3480000)
  from space 2112K,  74% used [0x00000000c3480000, 0x00000000c3607770, 0x00000000c3690000)
  to   space 2112K,   0% used [0x00000000c3690000, 0x00000000c3690000, 0x00000000c38a0000)
 tenured generation   total 42368K, used 2582K [0x00000000d6d50000, 0x00000000d96b0000, 0x0000000100000000)
   the space 42368K,   6% used [0x00000000d6d50000, 0x00000000d6fd5b50, 0x00000000d6fd5c00, 0x00000000d96b0000)
 Metaspace       used 9696K, capacity 9798K, committed 10112K, reserved 1058816K
  class space    used 1302K, capacity 1331K, committed 1408K, reserved 1048576K
}
Event: 15.067 GC heap before
{Heap before GC invocations=2 (full 0):
 def new generation   total 19008K, used 18461K [0x00000000c2400000, 0x00000000c38a0000, 0x00000000d6d50000)
  eden space 16896K, 100% used [0x00000000c2400000, 0x00000000c3480000, 0x00000000c3480000)
  from space 2112K,  74% used [0x00000000c3480000, 0x00000000c3607770, 0x00000000c3690000)
  to   space 2112K,   0% used [0x00000000c3690000, 0x00000000c3690000, 0x00000000c38a0000)
 tenured generation   total 42368K, used 2582K [0x00000000d6d50000, 0x00000000d96b0000, 0x0000000100000000)
   the space 42368K,   6% used [0x00000000d6d50000, 0x00000000d6fd5b50, 0x00000000d6fd5c00, 0x00000000d96b0000)
 Metaspace       used 12548K, capacity 12652K, committed 12800K, reserved 1060864K
  class space    used 1698K, capacity 1748K, committed 1792K, reserved 1048576K
Event: 15.098 GC heap after
Heap after GC invocations=3 (full 0):
 def new generation   total 19008K, used 2112K [0x00000000c2400000, 0x00000000c38a0000, 0x00000000d6d50000)
  eden space 16896K,   0% used [0x00000000c2400000, 0x00000000c2400000, 0x00000000c3480000)
  from space 2112K, 100% used [0x00000000c3690000, 0x00000000c38a0000, 0x00000000c38a0000)
  to   space 2112K,   0% used [0x00000000c3480000, 0x00000000c3480000, 0x00000000c3690000)
 tenured generation   total 42368K, used 3389K [0x00000000d6d50000, 0x00000000d96b0000, 0x0000000100000000)
   the space 42368K,   8% used [0x00000000d6d50000, 0x00000000d709f6b0, 0x00000000d709f800, 0x00000000d96b0000)
 Metaspace       used 12548K, capacity 12652K, committed 12800K, reserved 1060864K
  class space    used 1698K, capacity 1748K, committed 1792K, reserved 1048576K
}
Event: 65.067 GC heap before
{Heap before GC invocations=3 (full 0):
 def new generation   total 19008K, used 19008K [0x00000000c2400000, 0x00000000c38a0000, 0x00000000d6d50000)
  eden space 16896K, 100% used [0x00000000c2400000, 0x00000000c3480000, 0x00000000c3480000)
  from space 2112K, 100% used [0x00000000c3690000, 0x00000000c38a0000, 0x00000000c38a0000)
  to   space 2112K,   0% used [0x00000000c3480000, 0x00000000c3480000, 0x00000000c3690000)
 tenured generation   total 42368K, used 3389K [0x00000000d6d50000, 0x00000000d96b0000, 0x0000000100000000)
   the space 42368K,   8% used [0x00000000d6d50000, 0x00000000d709f6b0, 0x00000000d709f800, 0x00000000d96b0000)
 Metaspace       used 16634K, capacity 16942K, committed 17152K, reserved 1064960K
  class space    used 2192K, capacity 2297K, committed 2304K, reserved 1048576K
Event: 65.232 GC heap after
Heap after GC invocations=4 (full 0):
 def new generation   total 19008K, used 2112K [0x00000000c2400000, 0x00000000c38a0000, 0x00000000d6d50000)
  eden space 16896K,   0% used [0x00000000c2400000, 0x00000000c2400000, 0x00000000c3480000)
  from space 2112K, 100% used [0x00000000c3480000, 0x00000000c3690000, 0x00000000c3690000)
  to   space 2112K,   0% used [0x00000000c3690000, 0x00000000c3690000, 0x00000000c38a0000)
 tenured generation   total 42368K, used 5229K [0x00000000d6d50000, 0x00000000d96b0000, 0x0000000100000000)
   the space 42368K,  12% used [0x00000000d6d50000, 0x00000000d726b408, 0x00000000d726b600, 0x00000000d96b0000)
 Metaspace       used 16634K, capacity 16942K, committed 17152K, reserved 1064960K
  class space    used 2192K, capacity 2297K, committed 2304K, reserved 1048576K
}

