<?xml version="1.0" encoding="UTF-8"?>
<testng-results skipped="0" failed="0" ignored="0" total="1" passed="1">
  <reporter-output>
  </reporter-output>
  <suite name="Suite1" duration-ms="12029" started-at="2019-01-06T15:35:51Z" finished-at="2019-01-06T15:36:03Z">
    <groups>
      <group name="cucumber">
        <method signature="AbstractTestNGCucumberTests.feature(cucumber.api.testng.CucumberFeatureWrapper)[pri:0, instance:com.tt.TestRunner.TestRunner@5c3bd550]" name="feature" class="cucumber.api.testng.AbstractTestNGCucumberTests"/>
      </group> <!-- cucumber -->
    </groups>
    <test name="Nopackage" duration-ms="12029" started-at="2019-01-06T15:35:51Z" finished-at="2019-01-06T15:36:03Z">
      <class name="com.tt.TestRunner.TestRunner">
        <test-method status="PASS" signature="setUpClass()[pri:0, instance:com.tt.TestRunner.TestRunner@5c3bd550]" name="setUpClass" is-config="true" duration-ms="520" started-at="2019-01-06T15:35:51Z" finished-at="2019-01-06T15:35:52Z">
          <reporter-output>
          </reporter-output>
        </test-method> <!-- setUpClass -->
        <test-method status="PASS" signature="feature(cucumber.api.testng.CucumberFeatureWrapper)[pri:0, instance:com.tt.TestRunner.TestRunner@5c3bd550]" name="feature" duration-ms="11138" started-at="2019-01-06T15:35:52Z" description="Runs Cucumber Feature" data-provider="features" finished-at="2019-01-06T15:36:03Z">
          <params>
            <param index="0">
              <value>
                <![CDATA[Registering on amazon.com]]>
              </value>
            </param>
          </params>
          <reporter-output>
          </reporter-output>
        </test-method> <!-- feature -->
        <test-method status="PASS" signature="tearDownClass()[pri:0, instance:com.tt.TestRunner.TestRunner@5c3bd550]" name="tearDownClass" is-config="true" duration-ms="61" started-at="2019-01-06T15:36:03Z" finished-at="2019-01-06T15:36:03Z">
          <reporter-output>
          </reporter-output>
        </test-method> <!-- tearDownClass -->
      </class> <!-- com.tt.TestRunner.TestRunner -->
    </test> <!-- Nopackage -->
  </suite> <!-- Suite1 -->
</testng-results>
